[ 2016-02-24T18:58:45+08:00 ] 127.0.0.1 /chat/
INFO: [ app_init ] --START--
INFO: Run Behavior\BuildLiteBehavior [ RunTime:0.000028s ]
INFO: [ app_init ] --END-- [ RunTime:0.000742s ]
INFO: [ app_begin ] --START--
INFO: Run Behavior\ReadHtmlCacheBehavior [ RunTime:0.000619s ]
INFO: [ app_begin ] --END-- [ RunTime:0.000742s ]
SQL: SHOW COLUMNS FROM `chat_msg` [ RunTime:0.0407s ]
SQL: SELECT * FROM `chat_msg` LIMIT 10   [ RunTime:0.0007s ]
SQL: SHOW COLUMNS FROM `chat_user` [ RunTime:0.0604s ]
SQL: SELECT `username` FROM `chat_user` WHERE ( 1=1 AND _id='14' ) LIMIT 1   [ RunTime:0.0006s ]
SQL: SELECT `username` FROM `chat_user` WHERE ( 1=1 AND _id='15' ) LIMIT 1   [ RunTime:0.0004s ]
SQL: SELECT `username` FROM `chat_user` WHERE ( 1=1 AND _id='14' ) LIMIT 1   [ RunTime:0.0004s ]
SQL: SELECT `username` FROM `chat_user` WHERE ( 1=1 AND _id='15' ) LIMIT 1   [ RunTime:0.0006s ]
SQL: SELECT `username` FROM `chat_user` WHERE ( 1=1 AND _id='14' ) LIMIT 1   [ RunTime:0.0004s ]
SQL: SELECT `username` FROM `chat_user` WHERE ( 1=1 AND _id='15' ) LIMIT 1   [ RunTime:0.0003s ]
SQL: SELECT `username` FROM `chat_user` WHERE ( 1=1 AND _id='15' ) LIMIT 1   [ RunTime:0.0003s ]
SQL: SELECT `username` FROM `chat_user` WHERE ( 1=1 AND _id='16' ) LIMIT 1   [ RunTime:0.0003s ]
SQL: SELECT `username` FROM `chat_user` WHERE ( 1=1 AND _id='14' ) LIMIT 1   [ RunTime:0.0003s ]
INFO: [ view_parse ] --START--
INFO: [ template_filter ] --START--
INFO: Run Behavior\ContentReplaceBehavior [ RunTime:0.000136s ]
INFO: [ template_filter ] --END-- [ RunTime:0.000308s ]
NOTIC: [2] Missing argument 1 for Home\Widget\SidebarWidget::friendList() D:\wamp\www\chat\Application\Home\Widget\SidebarWidget.class.php 第 9 行.
NOTIC: [2] Missing argument 2 for Home\Widget\SidebarWidget::friendList() D:\wamp\www\chat\Application\Home\Widget\SidebarWidget.class.php 第 9 行.
SQL: SHOW COLUMNS FROM `chat_user` [ RunTime:0.0063s ]
SQL: SELECT COUNT(*) AS tp_count FROM `chat_user` LIMIT 1   [ RunTime:0.0004s ]
SQL: SELECT * FROM `chat_user`  [ RunTime:0.0003s ]
INFO: [ view_parse ] --START--
INFO: [ template_filter ] --START--
INFO: Run Behavior\ContentReplaceBehavior [ RunTime:0.000078s ]
INFO: [ template_filter ] --END-- [ RunTime:-0.015564s ]
INFO: Run Behavior\ParseTemplateBehavior [ RunTime:0.012165s ]
INFO: [ view_parse ] --END-- [ RunTime:0.012364s ]
INFO: [ view_filter ] --START--
INFO: Run Behavior\WriteHtmlCacheBehavior [ RunTime:0.000767s ]
INFO: [ view_filter ] --END-- [ RunTime:0.000931s ]
INFO: Run Behavior\ParseTemplateBehavior [ RunTime:0.013978s ]
INFO: [ view_parse ] --END-- [ RunTime:0.012364s ]
INFO: [ view_filter ] --START--
INFO: Run Behavior\WriteHtmlCacheBehavior [ RunTime:0.000040s ]
INFO: [ view_filter ] --END-- [ RunTime:-0.000826s ]
INFO: [ app_end ] --START--
INFO: Run Behavior\ShowPageTraceBehavior [ RunTime:0.001011s ]
INFO: [ app_end ] --END-- [ RunTime:0.001173s ]

[ 2016-02-24T18:58:49+08:00 ] 127.0.0.1 /chat/index.php/Home/Index/getMsg.html
INFO: [ app_init ] --START--
INFO: Run Behavior\BuildLiteBehavior [ RunTime:0.000090s ]
INFO: [ app_init ] --END-- [ RunTime:0.001797s ]
INFO: [ app_begin ] --START--
INFO: Run Behavior\ReadHtmlCacheBehavior [ RunTime:0.001706s ]
INFO: [ app_begin ] --END-- [ RunTime:0.002040s ]
SQL: SHOW COLUMNS FROM `chat_msg` [ RunTime:0.0126s ]
SQL: SELECT * FROM `chat_msg` LIMIT 10   [ RunTime:0.0004s ]
SQL: SHOW COLUMNS FROM `chat_user` [ RunTime:0.0090s ]
SQL: SELECT `username` FROM `chat_user` WHERE ( 1=1 AND _id='14' ) LIMIT 1   [ RunTime:0.0004s ]
SQL: SELECT `username` FROM `chat_user` WHERE ( 1=1 AND _id='15' ) LIMIT 1   [ RunTime:0.0003s ]
SQL: SELECT `username` FROM `chat_user` WHERE ( 1=1 AND _id='14' ) LIMIT 1   [ RunTime:0.0003s ]
SQL: SELECT `username` FROM `chat_user` WHERE ( 1=1 AND _id='15' ) LIMIT 1   [ RunTime:0.0004s ]
SQL: SELECT `username` FROM `chat_user` WHERE ( 1=1 AND _id='14' ) LIMIT 1   [ RunTime:0.0005s ]
SQL: SELECT `username` FROM `chat_user` WHERE ( 1=1 AND _id='15' ) LIMIT 1   [ RunTime:0.0003s ]
SQL: SELECT `username` FROM `chat_user` WHERE ( 1=1 AND _id='15' ) LIMIT 1   [ RunTime:0.0003s ]
SQL: SELECT `username` FROM `chat_user` WHERE ( 1=1 AND _id='16' ) LIMIT 1   [ RunTime:0.0003s ]
SQL: SELECT `username` FROM `chat_user` WHERE ( 1=1 AND _id='14' ) LIMIT 1   [ RunTime:0.0003s ]

[ 2016-02-24T18:58:52+08:00 ] 127.0.0.1 /chat/index.php/Home/Index/getMsg.html
INFO: [ app_init ] --START--
INFO: Run Behavior\BuildLiteBehavior [ RunTime:0.000054s ]
INFO: [ app_init ] --END-- [ RunTime:0.001087s ]
INFO: [ app_begin ] --START--
INFO: Run Behavior\ReadHtmlCacheBehavior [ RunTime:0.001113s ]
INFO: [ app_begin ] --END-- [ RunTime:0.001319s ]
SQL: SHOW COLUMNS FROM `chat_msg` [ RunTime:0.0095s ]
SQL: SELECT * FROM `chat_msg` LIMIT 10   [ RunTime:0.0004s ]
SQL: SHOW COLUMNS FROM `chat_user` [ RunTime:0.0070s ]
SQL: SELECT `username` FROM `chat_user` WHERE ( 1=1 AND _id='14' ) LIMIT 1   [ RunTime:0.0003s ]
SQL: SELECT `username` FROM `chat_user` WHERE ( 1=1 AND _id='15' ) LIMIT 1   [ RunTime:0.0002s ]
SQL: SELECT `username` FROM `chat_user` WHERE ( 1=1 AND _id='14' ) LIMIT 1   [ RunTime:0.0002s ]
SQL: SELECT `username` FROM `chat_user` WHERE ( 1=1 AND _id='15' ) LIMIT 1   [ RunTime:0.0002s ]
SQL: SELECT `username` FROM `chat_user` WHERE ( 1=1 AND _id='14' ) LIMIT 1   [ RunTime:0.0002s ]
SQL: SELECT `username` FROM `chat_user` WHERE ( 1=1 AND _id='15' ) LIMIT 1   [ RunTime:0.0002s ]
SQL: SELECT `username` FROM `chat_user` WHERE ( 1=1 AND _id='15' ) LIMIT 1   [ RunTime:0.0002s ]
SQL: SELECT `username` FROM `chat_user` WHERE ( 1=1 AND _id='16' ) LIMIT 1   [ RunTime:0.0002s ]
SQL: SELECT `username` FROM `chat_user` WHERE ( 1=1 AND _id='14' ) LIMIT 1   [ RunTime:0.0002s ]

